"../../../Engine/Content/EditorBlueprintResources/StandardMacros.uasset" 0
"../../../TPSHacknSlash/Content/Blueprints/Core/GameInstanceTest.uasset" 1
"../../../TPSHacknSlash/Content/Blueprints/TeamChoose/TeamList.uasset" 2
"../../../TPSHacknSlash/Content/Blueprints/Core/PlayerStateTest.uasset" 3
"../../../TPSHacknSlash/Content/Textures/T_NavyCaptain_BC.uasset" 4
"../../../TPSHacknSlash/Content/Textures/T_NavyCaptain_M.uasset" 5
"../../../TPSHacknSlash/Content/Textures/T_NavyCaptain_N.uasset" 6
"../../../TPSHacknSlash/Content/Textures/T_NavyCaptain_R.uasset" 7
"../../../TPSHacknSlash/Content/Materials/M_Character.uasset" 8
"../../../TPSHacknSlash/Content/Animations/PlayerMesh/Core/Navy1_PhysicsAsset.uasset" 9
"../../../TPSHacknSlash/Content/Animations/PlayerMesh/Player_Navy1.uasset" 10
"../../../TPSHacknSlash/Content/Materials/Mat_Shiny.uasset" 11
"../../../TPSHacknSlash/Content/Meshes/SM_NavySword.uasset" 12
"../../../Engine/Content/EngineMaterials/DefaultDiffuse.uasset" 13
"../../../Engine/Content/EngineMaterials/FlatNormal.uasset" 14
"../../../Engine/Content/EngineResources/Black.uasset" 15
"../../../TPSHacknSlash/Content/Materials/M_Opaque.uasset" 16
"../../../TPSHacknSlash/Content/Textures/T_Beard_BC.uasset" 17
"../../../TPSHacknSlash/Content/Textures/T_Beard_N.uasset" 18
"../../../TPSHacknSlash/Content/Textures/T_Beard_R.uasset" 19
"../../../TPSHacknSlash/Content/Materials/MIC_Beard.uasset" 20
"../../../TPSHacknSlash/Content/Meshes/Beard/SM_Moustache_1.uasset" 21
"../../../TPSHacknSlash/Content/Animations/PlayerMesh/Core/Navy1_Skeleton.uasset" 22
"../../../TPSHacknSlash/Content/Animations/anim_Block_End.uasset" 23
"../../../TPSHacknSlash/Content/Animations/anim_Block_Loop.uasset" 24
"../../../TPSHacknSlash/Content/Animations/anim_Block_Start.uasset" 25
"../../../TPSHacknSlash/Content/Animations/anim_Death.uasset" 26
"../../../TPSHacknSlash/Content/Animations/anim_Death_Loop.uasset" 27
"../../../TPSHacknSlash/Content/Animations/anim_Jump.uasset" 28
"../../../TPSHacknSlash/Content/Animations/anim_JumpLoop.uasset" 29
"../../../TPSHacknSlash/Content/Animations/anim_Idle.uasset" 30
"../../../TPSHacknSlash/Content/Animations/anim_MoveBack.uasset" 31
"../../../TPSHacknSlash/Content/Animations/anim_Run.uasset" 32
"../../../TPSHacknSlash/Content/Animations/anim_Strafe_L.uasset" 33
"../../../TPSHacknSlash/Content/Animations/anim_Strafe_R.uasset" 34
"../../../TPSHacknSlash/Content/Animations/AnimBlend_Strafe.uasset" 35
"../../../TPSHacknSlash/Content/Animations/AnimBlend_IdleToRun.uasset" 36
"../../../TPSHacknSlash/Content/Animations/AnimBP_Player.uasset" 37
"../../../TPSHacknSlash/Content/Animations/anim_slashCharge.uasset" 38
"../../../TPSHacknSlash/Content/Materials/Mat_SwordTrail.uasset" 39
"../../../TPSHacknSlash/Content/Particles/P_SwordSwing.uasset" 40
"../../../TPSHacknSlash/Content/Animations/anim_slashEnd.uasset" 41
"../../../TPSHacknSlash/Content/Animations/anim_slashStart.uasset" 42
"../../../TPSHacknSlash/Content/Animations/AnimMontage_Charge.uasset" 43
"../../../TPSHacknSlash/Content/Animations/anim_takeDamage.uasset" 44
"../../../TPSHacknSlash/Content/Animations/AnimMontage_HitDmg.uasset" 45
"../../../Engine/Content/EditorBlueprintResources/ActorMacros.uasset" 46
"../../../Engine/Content/Functions/Engine_MaterialFunctions01/WorldPositionOffset/SimpleGrassWind.uasset" 47
"../../../TPSHacknSlash/Content/Textures/Props_Textures/T_Barrel_BC.uasset" 48
"../../../TPSHacknSlash/Content/Materials/M_Sail.uasset" 49
"../../../TPSHacknSlash/Content/Materials/DebugMaterials/BG_Navy.uasset" 50
"../../../TPSHacknSlash/Content/Materials/MIC_Sail_Navy.uasset" 51
"../../../TPSHacknSlash/Content/Materials/DebugMaterials/BG_Pirate.uasset" 52
"../../../TPSHacknSlash/Content/Materials/MIC_Sail_Pirate.uasset" 53
"../../../TPSHacknSlash/Content/Meshes/Ship/SM_Sail.uasset" 54
"../../../TPSHacknSlash/Content/Textures/T_Bridge_BC.uasset" 55
"../../../TPSHacknSlash/Content/Textures/T_Bridge_N.uasset" 56
"../../../TPSHacknSlash/Content/Textures/T_Bridge_R.uasset" 57
"../../../TPSHacknSlash/Content/Materials/MIC_Bridge.uasset" 58
"../../../TPSHacknSlash/Content/Meshes/SM_Bridge.uasset" 59
"../../../TPSHacknSlash/Content/Blueprints/BridgeSystem/Bridge.uasset" 60
"../../../TPSHacknSlash/Content/Blueprints/BridgeSystem/BridgeDetector.uasset" 61
"../../../Engine/Content/EngineMaterials/DefaultNormal.uasset" 62
"../../../TPSHacknSlash/Content/Materials/M_Translucent.uasset" 63
"../../../TPSHacknSlash/Content/Materials/MIC_BridgeIndicator.uasset" 64
"../../../TPSHacknSlash/Content/Blueprints/BridgeSystem/BridgeIndicator.uasset" 65
"../../../TPSHacknSlash/Content/Materials/DebugMaterials/Debug_Doge.uasset" 66
"../../../TPSHacknSlash/Content/Materials/DebugMaterials/Debug_RIP.uasset" 67
"../../../TPSHacknSlash/Content/Textures/T_Navy_Emblem.uasset" 68
"../../../TPSHacknSlash/Content/Textures/T_Pirate_Emblem.uasset" 69
"../../../TPSHacknSlash/Content/Blueprints/KillZ.uasset" 70
"../../../Engine/Content/MapTemplates/Materials/BasicAsset01.uasset" 71
"../../../TPSHacknSlash/Content/Materials/PP_OutlineCustomDepthOcclusion.uasset" 72
"../../../TPSHacknSlash/Content/Materials/MIC_CustomDepthRed.uasset" 73
"../../../Engine/Content/Functions/Engine_MaterialFunctions01/Opacity/CameraDepthFade.uasset" 74
"../../../Engine/Content/EngineMaterials/T_Default_Material_Grid_M.uasset" 75
"../../../Engine/Content/EngineMaterials/T_Default_Material_Grid_N.uasset" 76
"../../../Engine/Content/EngineMaterials/WorldGridMaterial.uasset" 77
"../../../TPSHacknSlash/Content/Meshes/SM_Chest_Bottom.uasset" 78
"../../../TPSHacknSlash/Content/Meshes/SM_Chest_Top.uasset" 79
"../../../Engine/Content/Functions/Engine_MaterialFunctions01/Gradient/RadialGradient.uasset" 80
"../../../TPSHacknSlash/Content/Particles/Materials/M_Sphere.uasset" 81
"../../../TPSHacknSlash/Content/Particles/P_TreasureTrail.uasset" 82
"../../../TPSHacknSlash/Content/Blueprints/GoldUnit.uasset" 83
"../../../TPSHacknSlash/Content/Materials/Mat_HealthPickup.uasset" 84
"../../../TPSHacknSlash/Content/Materials/Mat_InvulnerablePickup.uasset" 85
"../../../TPSHacknSlash/Content/Materials/Mat_SpeedPickup.uasset" 86
"../../../TPSHacknSlash/Content/Blueprints/Pickup/PickUpEnum.uasset" 87
"../../../TPSHacknSlash/Content/Meshes/Powerup/SM_Health.uasset" 88
"../../../TPSHacknSlash/Content/Meshes/Powerup/SM_Invulnerability.uasset" 89
"../../../TPSHacknSlash/Content/Meshes/Powerup/SM_Speed.uasset" 90
"../../../TPSHacknSlash/Content/Blueprints/Pickup/AllPickup.uasset" 91
"../../../TPSHacknSlash/Content/Materials/DebugMaterials/HealthPickup.uasset" 92
"../../../TPSHacknSlash/Content/Blueprints/Pickup/PickupLocation.uasset" 93
"../../../TPSHacknSlash/Content/Blueprints/Pickup/HealthValue.uasset" 94
"../../../TPSHacknSlash/Content/Materials/DebugMaterials/50.uasset" 95
"../../../TPSHacknSlash/Content/Blueprints/Pickup/DeathPickup.uasset" 96
"../../../TPSHacknSlash/Content/Blueprints/Widgets/Widget_Countdown.uasset" 97
"../../../TPSHacknSlash/Content/Blueprints/SpectatorPawn.uasset" 98
"../../../TPSHacknSlash/Content/Materials/MIC_Navy1.uasset" 99
"../../../TPSHacknSlash/Content/Textures/T_NavyBasic_BC.uasset" 100
"../../../TPSHacknSlash/Content/Textures/T_NavyBasic_M.uasset" 101
"../../../TPSHacknSlash/Content/Textures/T_NavyBasic_N.uasset" 102
"../../../TPSHacknSlash/Content/Textures/T_NavyBasic_R.uasset" 103
"../../../TPSHacknSlash/Content/Materials/MIC_Navy_Basic.uasset" 104
"../../../TPSHacknSlash/Content/Textures/T_PirateBasic_BC.uasset" 105
"../../../TPSHacknSlash/Content/Textures/T_PirateBasic_M.uasset" 106
"../../../TPSHacknSlash/Content/Textures/T_PirateBasic_N.uasset" 107
"../../../TPSHacknSlash/Content/Textures/T_PirateBasic_R.uasset" 108
"../../../TPSHacknSlash/Content/Materials/MIC_Pirate_basic.uasset" 109
"../../../TPSHacknSlash/Content/Textures/T_PirateCaptain_BC.uasset" 110
"../../../TPSHacknSlash/Content/Textures/T_PirateCaptain_M.uasset" 111
"../../../TPSHacknSlash/Content/Textures/T_PirateCaptain_N.uasset" 112
"../../../TPSHacknSlash/Content/Textures/T_PirateCaptain_R.uasset" 113
"../../../TPSHacknSlash/Content/Materials/MIC_Pirate_Captain.uasset" 114
"../../../TPSHacknSlash/Content/Meshes/Ship/01_-_Default.uasset" 115
"../../../TPSHacknSlash/Content/UI/UI_Navy.uasset" 116
"../../../TPSHacknSlash/Content/UI/UI_Pirate.uasset" 117
"../../../TPSHacknSlash/Content/UI/UI_Score.uasset" 118
"../../../TPSHacknSlash/Content/UI/UI_Spectator.uasset" 119
"../../../TPSHacknSlash/Content/Blueprints/Widgets/Widget_HUD.uasset" 120
"../../../TPSHacknSlash/Content/Animations/PlayerMesh/SK_Navy_Basic_PhysicsAsset.uasset" 121
"../../../TPSHacknSlash/Content/Animations/PlayerMesh/SK_Navy_Basic.uasset" 122
"../../../TPSHacknSlash/Content/Animations/PlayerMesh/SK_Pirate_Basic_PhysicsAsset.uasset" 123
"../../../TPSHacknSlash/Content/Animations/PlayerMesh/SK_Pirate_Basic.uasset" 124
"../../../TPSHacknSlash/Content/Animations/PlayerMesh/SK_Pirate_Captain_PhysicsAsset.uasset" 125
"../../../TPSHacknSlash/Content/Animations/PlayerMesh/SK_Pirate_Captain.uasset" 126
"../../../TPSHacknSlash/Content/Blueprints/Widgets/TeamChooseWidgets/Widget_NameRow.uasset" 127
"../../../TPSHacknSlash/Content/Blueprints/Widgets/TeamChooseWidgets/Widget_ShowPlayers.uasset" 128
"../../../TPSHacknSlash/Content/Blueprints/Widgets/Widget_Options.uasset" 129
"../../../TPSHacknSlash/Content/Blueprints/Widgets/Enum_GraphicSettings.uasset" 130
"../../../TPSHacknSlash/Content/Blueprints/Widgets/Widget_Settings.uasset" 131
"../../../TPSHacknSlash/Content/Blueprints/Widgets/Widget_WinLoseText.uasset" 132
"../../../TPSHacknSlash/Content/Materials/DebugMaterials/10.uasset" 133
"../../../TPSHacknSlash/Content/Materials/DebugMaterials/35.uasset" 134
"../../../TPSHacknSlash/Content/Meshes/Beard/SM_Beard_1.uasset" 135
"../../../TPSHacknSlash/Content/Meshes/Beard/SM_Beard_2.uasset" 136
"../../../TPSHacknSlash/Content/Meshes/Beard/SM_Beard_3.uasset" 137
"../../../TPSHacknSlash/Content/Meshes/Beard/SM_Beard_4.uasset" 138
"../../../TPSHacknSlash/Content/Meshes/Beard/SM_Moustache_2.uasset" 139
"../../../TPSHacknSlash/Content/Meshes/Beard/SM_Moustache_3.uasset" 140
"../../../TPSHacknSlash/Content/Textures/T_Burst_M.uasset" 141
"../../../TPSHacknSlash/Content/Particles/Materials/M_Burst.uasset" 142
"../../../TPSHacknSlash/Content/Textures/T_Spark_Core.uasset" 143
"../../../TPSHacknSlash/Content/Particles/Materials/M_Spark.uasset" 144
"../../../TPSHacknSlash/Content/Particles/P_Blocked.uasset" 145
"../../../TPSHacknSlash/Content/Textures/T_Fire_SubUV.uasset" 146
"../../../TPSHacknSlash/Content/Textures/T_Fire_Tiled_D.uasset" 147
"../../../TPSHacknSlash/Content/Particles/Materials/M_Fire_SubUV.uasset" 148
"../../../TPSHacknSlash/Content/Particles/P_Blood.uasset" 149
"../../../TPSHacknSlash/Content/Blueprints/TestDummy.uasset" 150
"../../../TPSHacknSlash/Content/Blueprints/Core/GS_Pirate.uasset" 151
"../../../TPSHacknSlash/Content/Materials/DebugMaterials/CubeMaterial.uasset" 152
"../../../TPSHacknSlash/Content/Meshes/CubeMesh.uasset" 153
"../../../TPSHacknSlash/Content/Blueprints/BoatUnit/BoatUnit.uasset" 154
"../../../TPSHacknSlash/Content/Blueprints/Core/PlayerControllerTest.uasset" 155
"../../../Engine/Content/BasicShapes/BasicShapeMaterial.uasset" 156
"../../../Engine/Content/BasicShapes/Cube.uasset" 157
"../../../TPSHacknSlash/Content/Sounds/Countdown_Bell.uasset" 158
"../../../TPSHacknSlash/Content/Sounds/OpenDoorSound.uasset" 159
"../../../TPSHacknSlash/Content/Sounds/Pirate_Battlecry.uasset" 160
"../../../TPSHacknSlash/Content/Blueprints/Door.uasset" 161
"../../../TPSHacknSlash/Content/Meshes/SM_Coin.uasset" 162
"../../../TPSHacknSlash/Content/Blueprints/UpgradePickup.uasset" 163
"../../../TPSHacknSlash/Content/Blueprints/Core/GM_Pirate.uasset" 164
"../../../TPSHacknSlash/Content/Blueprints/Core/GM_AlphaTest.uasset" 165
"../../../Engine/Content/MapTemplates/Bokeh_5Sides.uasset" 166
"../../../Engine/Content/MapTemplates/T_ScreenDirt02_w.uasset" 167
"../../../TPSHacknSlash/Content/Maps/AlphaTest.umap" 168
"../../../TPSHacknSlash/Content/Meshes/SM_Seagull.uasset" 169
"../../../TPSHacknSlash/Content/Blueprints/StevenSeagull.uasset" 170
"../../../TPSHacknSlash/Content/Meshes/SM_BoatBig.uasset" 171
"../../../TPSHacknSlash/Content/Blueprints/BoatUnit/BoatUnit_Large.uasset" 172
"../../../TPSHacknSlash/Content/Meshes/SM_BoatMedium.uasset" 173
"../../../TPSHacknSlash/Content/Blueprints/BoatUnit/BoatUnit_Medium.uasset" 174
"../../../TPSHacknSlash/Content/Meshes/SM_BoatSmall.uasset" 175
"../../../TPSHacknSlash/Content/Blueprints/BoatUnit/BoatUnit_Small.uasset" 176
"../../../TPSHacknSlash/Content/Blueprints/BoatUnit/DynamicBoatSpawner.uasset" 177
"../../../TPSHacknSlash/Content/Materials/M_WorldAlign.uasset" 178
"../../../TPSHacknSlash/Content/Textures/Wood_SBSAR/wood3_basecolor.uasset" 179
"../../../TPSHacknSlash/Content/Textures/Wood_SBSAR/wood3_normal.uasset" 180
"../../../TPSHacknSlash/Content/Textures/Wood_SBSAR/wood3_roughness.uasset" 181
"../../../TPSHacknSlash/Content/Materials/MIC_World_Wood_4.uasset" 182
"../../../TPSHacknSlash/Content/Materials/DebugMaterials/Indicator.uasset" 183
"../../../TPSHacknSlash/Content/Meshes/SM_TreasureDeposit.uasset" 184
"../../../TPSHacknSlash/Content/Blueprints/GoldDeposit.uasset" 185
"../../../TPSHacknSlash/Content/Meshes/SM_RopeSpline.uasset" 186
"../../../TPSHacknSlash/Content/Blueprints/RopeSpline.uasset" 187
"../../../TPSHacknSlash/Content/Textures/PropSet2/T_Railing_BC.uasset" 188
"../../../TPSHacknSlash/Content/Textures/PropSet2/T_Railing_N.uasset" 189
"../../../TPSHacknSlash/Content/Textures/PropSet2/T_Railing_R.uasset" 190
"../../../TPSHacknSlash/Content/Materials/MIC_Railing.uasset" 191
"../../../TPSHacknSlash/Content/Meshes/PropSet2/SM_Railing.uasset" 192
"../../../TPSHacknSlash/Content/Blueprints/TileRailings.uasset" 193
"../../../TPSHacknSlash/Content/Textures/PropSet2/T_Torch_BC.uasset" 194
"../../../TPSHacknSlash/Content/Textures/PropSet2/T_Torch_N.uasset" 195
"../../../TPSHacknSlash/Content/Materials/MIC_Torch.uasset" 196
"../../../TPSHacknSlash/Content/Meshes/PropSet2/SM_Torch.uasset" 197
"../../../TPSHacknSlash/Content/Textures/T_Water_N.uasset" 198
"../../../TPSHacknSlash/Content/Particles/Materials/M_Heat_Distortion.uasset" 199
"../../../TPSHacknSlash/Content/Particles/Materials/M_Radial_Gradient.uasset" 200
"../../../TPSHacknSlash/Content/Particles/P_Fire.uasset" 201
"../../../TPSHacknSlash/Content/Blueprints/Torch.uasset" 202
"../../../Engine/Content/Functions/Engine_MaterialFunctions03/ComplexMotion/Motion_4WayChaos.uasset" 203
"../../../Engine/Content/Engine_MI_Shaders/T_Base_Tile_Normal.uasset" 204
"../../../Engine/Content/Functions/Engine_MaterialFunctions03/ComplexMotion/Motion_4WayChaos_Normal.uasset" 205
"../../../Engine/Content/MapTemplates/Sky/DaylightAmbientCubemap.uasset" 206
"../../../TPSHacknSlash/Content/Materials/OceanWater_SS.uasset" 207
"../../../TPSHacknSlash/Content/Textures/T_LargeWaves_H.uasset" 208
"../../../TPSHacknSlash/Content/Textures/T_LargeWaves_N.uasset" 209
"../../../TPSHacknSlash/Content/Textures/T_Seafoam_01.uasset" 210
"../../../TPSHacknSlash/Content/Textures/T_SmallWaves_N.uasset" 211
"../../../TPSHacknSlash/Content/Materials/M_OceanWater_1.uasset" 212
"../../../TPSHacknSlash/Content/Materials/MIC_OceanWater.uasset" 213
"../../../TPSHacknSlash/Content/Textures/Wood_SBSAR/texture_wood.uasset" 214
"../../../TPSHacknSlash/Content/Textures/Wood_SBSAR/wood_INST_metallic.uasset" 215
"../../../TPSHacknSlash/Content/Textures/Wood_SBSAR/wood_INST_normal.uasset" 216
"../../../TPSHacknSlash/Content/Textures/Wood_SBSAR/wood_INST_roughness.uasset" 217
"../../../TPSHacknSlash/Content/Textures/Wood_SBSAR/wood_INST.uasset" 218
"../../../TPSHacknSlash/Content/Textures/Wood_SBSAR/wood_INST_basecolor.uasset" 219
"../../../TPSHacknSlash/Content/Materials/MIC_World_Wood_1.uasset" 220
"../../../TPSHacknSlash/Content/Materials/MIC_World_Wood_3.uasset" 221
"../../../TPSHacknSlash/Content/Materials/MIC_World_Wood_5.uasset" 222
"../../../Engine/Content/EngineMaterials/T_Default_Normal.uasset" 223
"../../../TPSHacknSlash/Content/Meshes/PropSet2/SM_BigLamp.uasset" 224
"../../../TPSHacknSlash/Content/Textures/PropSet2/T_Black.uasset" 225
"../../../TPSHacknSlash/Content/Textures/PropSet2/T_Cabinet_BC.uasset" 226
"../../../TPSHacknSlash/Content/Textures/PropSet2/T_Cabinet_N.uasset" 227
"../../../TPSHacknSlash/Content/Textures/PropSet2/T_Cabinet_R.uasset" 228
"../../../TPSHacknSlash/Content/Materials/MIC_Cabinet.uasset" 229
"../../../TPSHacknSlash/Content/Meshes/PropSet2/SM_Cabinet.uasset" 230
"../../../TPSHacknSlash/Content/Textures/PropSet2/T_Door_BC.uasset" 231
"../../../TPSHacknSlash/Content/Textures/PropSet2/T_Door_M.uasset" 232
"../../../TPSHacknSlash/Content/Textures/PropSet2/T_Door_N.uasset" 233
"../../../TPSHacknSlash/Content/Textures/PropSet2/T_Door_R.uasset" 234
"../../../TPSHacknSlash/Content/Materials/MIC_Door.uasset" 235
"../../../TPSHacknSlash/Content/Meshes/PropSet2/SM_Door.uasset" 236
"../../../TPSHacknSlash/Content/Textures/PropSet2/SM_Post_BC.uasset" 237
"../../../TPSHacknSlash/Content/Textures/PropSet2/SM_Post_N.uasset" 238
"../../../TPSHacknSlash/Content/Textures/PropSet2/SM_Post_R.uasset" 239
"../../../TPSHacknSlash/Content/Materials/MIC_Post.uasset" 240
"../../../TPSHacknSlash/Content/Meshes/PropSet2/SM_Post.uasset" 241
"../../../TPSHacknSlash/Content/Textures/PropSet2/SM_Post1_BC.uasset" 242
"../../../TPSHacknSlash/Content/Textures/PropSet2/SM_Post1_N.uasset" 243
"../../../TPSHacknSlash/Content/Textures/PropSet2/SM_Post1_R.uasset" 244
"../../../TPSHacknSlash/Content/Materials/MIC_Post1.uasset" 245
"../../../TPSHacknSlash/Content/Meshes/PropSet2/SM_Post_1.uasset" 246
"../../../TPSHacknSlash/Content/Textures/Rock_SBSAR/INST_Rock_metallic.uasset" 247
"../../../TPSHacknSlash/Content/Textures/Rock_SBSAR/INST_Rock_normal.uasset" 248
"../../../TPSHacknSlash/Content/Textures/Rock_SBSAR/INST_Rock_roughness.uasset" 249
"../../../TPSHacknSlash/Content/Textures/Rock_SBSAR/rock.uasset" 250
"../../../TPSHacknSlash/Content/Textures/Rock_SBSAR/INST_Rock.uasset" 251
"../../../TPSHacknSlash/Content/Textures/Rock_SBSAR/INST_Rock_basecolor.uasset" 252
"../../../TPSHacknSlash/Content/Materials/MIC_Rock.uasset" 253
"../../../TPSHacknSlash/Content/Meshes/rock/SM_rock1.uasset" 254
"../../../TPSHacknSlash/Content/Meshes/rock/SM_rock2.uasset" 255
"../../../TPSHacknSlash/Content/Meshes/rock/SM_rock3.uasset" 256
"../../../TPSHacknSlash/Content/Meshes/rock/SM_rock4.uasset" 257
"../../../TPSHacknSlash/Content/Meshes/rock/SM_rock5.uasset" 258
"../../../TPSHacknSlash/Content/Meshes/Ship/SHIP_Texture/Wood.uasset" 259
"../../../TPSHacknSlash/Content/Meshes/Ship/bottom.uasset" 260
"../../../TPSHacknSlash/Content/Meshes/Ship/SHIP_Texture/base_body.uasset" 261
"../../../TPSHacknSlash/Content/Meshes/Ship/inner.uasset" 262
"../../../TPSHacknSlash/Content/Meshes/Ship/SHIP_Texture/upper_body.uasset" 263
"../../../TPSHacknSlash/Content/Meshes/Ship/SHIP_Texture/upper_bodynormal.uasset" 264
"../../../TPSHacknSlash/Content/Meshes/Ship/materials/PARENT.uasset" 265
"../../../TPSHacknSlash/Content/Meshes/Ship/materials/Balcony_instance.uasset" 266
"../../../TPSHacknSlash/Content/Meshes/Ship/materials/base_body_instance.uasset" 267
"../../../TPSHacknSlash/Content/Meshes/Ship/materials/side_rail_instance.uasset" 268
"../../../TPSHacknSlash/Content/Meshes/Ship/materials/upper_body_Inst.uasset" 269
"../../../TPSHacknSlash/Content/Meshes/Ship/SHIP_Texture/window.uasset" 270
"../../../TPSHacknSlash/Content/Meshes/Ship/materials/window_instance.uasset" 271
"../../../TPSHacknSlash/Content/Meshes/Ship/materials/wood_instance.uasset" 272
"../../../TPSHacknSlash/Content/Meshes/Ship/ship_fixed.uasset" 273
"../../../TPSHacknSlash/Content/Meshes/Ship_Mast.uasset" 274
"../../../TPSHacknSlash/Content/Meshes/Ship_MastTop.uasset" 275
"../../../TPSHacknSlash/Content/Meshes/Ship_Room.uasset" 276
"../../../TPSHacknSlash/Content/Textures/Props_Textures/T_Barrel_N.uasset" 277
"../../../TPSHacknSlash/Content/Textures/Props_Textures/T_Barrel_R.uasset" 278
"../../../TPSHacknSlash/Content/Materials/MIC_Barrel.uasset" 279
"../../../TPSHacknSlash/Content/Meshes/SM_barrel.uasset" 280
"../../../TPSHacknSlash/Content/Textures/Props_Textures/T_Broom_BC.uasset" 281
"../../../TPSHacknSlash/Content/Textures/Props_Textures/T_Broom_N.uasset" 282
"../../../TPSHacknSlash/Content/Textures/Props_Textures/T_Broom_R.uasset" 283
"../../../TPSHacknSlash/Content/Materials/MIC_Broom.uasset" 284
"../../../TPSHacknSlash/Content/Meshes/SM_Broom.uasset" 285
"../../../TPSHacknSlash/Content/Textures/Props_Textures/T_Bucket_BC.uasset" 286
"../../../TPSHacknSlash/Content/Textures/Props_Textures/T_Bucket_N.uasset" 287
"../../../TPSHacknSlash/Content/Textures/Props_Textures/T_Bucket_R.uasset" 288
"../../../TPSHacknSlash/Content/Materials/MIC_Bucket.uasset" 289
"../../../TPSHacknSlash/Content/Meshes/SM_bucket.uasset" 290
"../../../TPSHacknSlash/Content/Textures/Props_Textures/T_NavyAxe_BC.uasset" 291
"../../../TPSHacknSlash/Content/Textures/Props_Textures/T_NavyAxe_N.uasset" 292
"../../../TPSHacknSlash/Content/Textures/Props_Textures/T_NavyAxe_R.uasset" 293
"../../../TPSHacknSlash/Content/Materials/NavyAxe_instance.uasset" 294
"../../../TPSHacknSlash/Content/Meshes/SM_NavyAxe.uasset" 295
"../../../TPSHacknSlash/Content/Meshes/SM_OceanWater.uasset" 296
"../../../TPSHacknSlash/Content/Meshes/SM_PCArea.uasset" 297
"../../../TPSHacknSlash/Content/Textures/Wood_SBSAR/wood2_INST_metallic.uasset" 298
"../../../TPSHacknSlash/Content/Textures/Wood_SBSAR/wood2_INST_normal.uasset" 299
"../../../TPSHacknSlash/Content/Textures/Wood_SBSAR/wood2_INST_roughness.uasset" 300
"../../../TPSHacknSlash/Content/Textures/Wood_SBSAR/wood2_INST.uasset" 301
"../../../TPSHacknSlash/Content/Textures/Wood_SBSAR/wood2_INST_basecolor.uasset" 302
"../../../TPSHacknSlash/Content/Materials/MIC_World_Wood_2.uasset" 303
"../../../TPSHacknSlash/Content/Meshes/SM_ShipLowPoly.uasset" 304
"../../../TPSHacknSlash/Content/Sounds/PirateAmbience.uasset" 305
"../../../TPSHacknSlash/Content/Maps/PlayLevel_Main.umap" 306
"../../../Engine/Content/EngineSky/C_Sky_Cloud_Color.uasset" 307
"../../../Engine/Content/EngineSky/C_Sky_Horizon_Color.uasset" 308
"../../../Engine/Content/EngineSky/C_Sky_Zenith_Color.uasset" 309
"../../../Engine/Content/EngineSky/T_Sky_Blue.uasset" 310
"../../../Engine/Content/EngineSky/T_Sky_Clouds_M.uasset" 311
"../../../Engine/Content/EngineSky/T_Sky_Stars.uasset" 312
"../../../Engine/Content/EngineSky/SM_SkySphere.uasset" 313
"../../../Engine/Content/EngineSky/M_Sky_Panning_Clouds2.uasset" 314
"../../../Engine/Content/EngineSky/BP_Sky_Sphere.uasset" 315
"../../../TPSHacknSlash/Content/Blueprints/ShipSway.uasset" 316
"../../../TPSHacknSlash/Content/Textures/T_Smoke_SubUV.uasset" 317
"../../../TPSHacknSlash/Content/Textures/T_Smoke_Tiled_D.uasset" 318
"../../../TPSHacknSlash/Content/Particles/Materials/M_smoke_subUV.uasset" 319
"../../../TPSHacknSlash/Content/Particles/P_Smoke.uasset" 320
"../../../TPSHacknSlash/Content/Maps/TestMap.umap" 321
"../../../TPSHacknSlash/Content/Blueprints/MoveableDebris.uasset" 322
"../../../TPSHacknSlash/Content/Materials/MIC_SailBig_navy.uasset" 323
"../../../TPSHacknSlash/Content/Materials/MIC_SailBig_Pirate.uasset" 324
"../../../TPSHacknSlash/Content/Textures/Wood_SBSAR/alumunium_basecolor.uasset" 325
"../../../TPSHacknSlash/Content/Textures/Wood_SBSAR/alumunium_normal.uasset" 326
"../../../TPSHacknSlash/Content/Textures/Wood_SBSAR/alumunium_roughness.uasset" 327
"../../../TPSHacknSlash/Content/Materials/MIC_World_Metal_1.uasset" 328
"../../../TPSHacknSlash/Content/Textures/Wood_SBSAR/black_iron_basecolor.uasset" 329
"../../../TPSHacknSlash/Content/Textures/Wood_SBSAR/black_iron_normal.uasset" 330
"../../../TPSHacknSlash/Content/Textures/Wood_SBSAR/black_iron_roughness.uasset" 331
"../../../TPSHacknSlash/Content/Materials/MIC_World_Metal_2.uasset" 332
"../../../TPSHacknSlash/Content/Meshes/Ship_Body.uasset" 333
"../../../TPSHacknSlash/Content/Meshes/Ship_Platform.uasset" 334
"../../../TPSHacknSlash/Content/Meshes/SM_anchor.uasset" 335
"../../../TPSHacknSlash/Content/Meshes/SM_Cannon.uasset" 336
"../../../TPSHacknSlash/Content/Textures/Props_Textures/T_Gunrack_BC.uasset" 337
"../../../TPSHacknSlash/Content/Textures/Props_Textures/T_Gunrack_N.uasset" 338
"../../../TPSHacknSlash/Content/Textures/Props_Textures/T_Gunrack_R.uasset" 339
"../../../TPSHacknSlash/Content/Materials/MIC_Rack.uasset" 340
"../../../TPSHacknSlash/Content/Meshes/SM_gunrack.uasset" 341
"../../../TPSHacknSlash/Content/Textures/Props_Textures/T_SteeringWheel_BC.uasset" 342
"../../../TPSHacknSlash/Content/Textures/Props_Textures/T_SteeringWheel_N.uasset" 343
"../../../TPSHacknSlash/Content/Textures/Props_Textures/T_SteeringWheel_R.uasset" 344
"../../../TPSHacknSlash/Content/Materials/MIC_Wheel.uasset" 345
"../../../TPSHacknSlash/Content/Meshes/SM_ShipWheel.uasset" 346
"../../../TPSHacknSlash/Content/Maps/PlayLevel_BG.umap" 347
"../../../TPSHacknSlash/Content/Blueprints/Candle.uasset" 348
"../../../TPSHacknSlash/Content/Blueprints/MainMenu/MainMenuPlayerController.uasset" 349
"../../../TPSHacknSlash/Content/Blueprints/Widgets/Widget_Version.uasset" 350
"../../../TPSHacknSlash/Content/Blueprints/Core/GM_MainMenu.uasset" 351
"../../../TPSHacknSlash/Content/Textures/T_MenuButton.uasset" 352
"../../../TPSHacknSlash/Content/Materials/Mat_MenuButton.uasset" 353
"../../../TPSHacknSlash/Content/Blueprints/MainMenu/MainMenuButton.uasset" 354
"../../../TPSHacknSlash/Content/Blueprints/MainMenu/ExitButton.uasset" 355
"../../../TPSHacknSlash/Content/Blueprints/MainMenu/HostButton.uasset" 356
"../../../TPSHacknSlash/Content/Blueprints/Widgets/WIdget_JoinGame.uasset" 357
"../../../TPSHacknSlash/Content/Blueprints/MainMenu/JoinButton.uasset" 358
"../../../TPSHacknSlash/Content/Blueprints/MainMenu/TutorialButton.uasset" 359
"../../../TPSHacknSlash/Content/Materials/DebugMaterials/Wood.uasset" 360
"../../../TPSHacknSlash/Content/Materials/DebugMaterials/Wood_Mat.uasset" 361
"../../../TPSHacknSlash/Content/Textures/T_Coin.uasset" 362
"../../../TPSHacknSlash/Content/Materials/Mat_Coin.uasset" 363
"../../../TPSHacknSlash/Content/Textures/T_Title.uasset" 364
"../../../TPSHacknSlash/Content/Materials/Mat_Title.uasset" 365
"../../../TPSHacknSlash/Content/Textures/T_Map.uasset" 366
"../../../TPSHacknSlash/Content/Particles/Materials/M_Map.uasset" 367
"../../../Engine/Content/EngineMaterials/DefaultMaterial.uasset" 368
"../../../Engine/Content/BasicShapes/Cylinder.uasset" 369
"../../../TPSHacknSlash/Content/Sounds/Menu2.uasset" 370
"../../../TPSHacknSlash/Content/Maps/MainMenu.umap" 371
"../../../Engine/Content/EditorResources/S_Actor.uasset" 372
"../../../Engine/Content/Maps/Templates/Thumbnails/Default.uasset" 373
"../../../Engine/Content/EditorMaterials/ParticleSystems/PSysThumbnail_NoImage.uasset" 374
"../../../Engine/Content/EditorMaterials/ParticleSystems/PSysThumbnail_OOD.uasset" 375
"../../../Engine/Content/EditorLandscapeResources/DataLayer.uasset" 376
"../../../Engine/Content/EngineFonts/Roboto.uasset" 377
"../../../Engine/Content/Functions/Engine_MaterialFunctions01/Shading/PowerToRoughness.uasset" 378
"../../../Engine/Content/Functions/Engine_MaterialFunctions01/Shading/ConvertFromDiffSpec.uasset" 379
"../../../Engine/Content/EngineMaterials/DefaultDeferredDecalMaterial.uasset" 380
"../../../Engine/Content/EngineMaterials/DefaultLightFunctionMaterial.uasset" 381
"../../../Engine/Content/Functions/Engine_MaterialFunctions02/Utility/BreakOutFloat2Components.uasset" 382
"../../../Engine/Content/EngineMaterials/DefaultPostProcessMaterial.uasset" 383
"../../../Engine/Content/EngineResources/DefaultTexture.uasset" 384
"../../../Engine/Content/Functions/Engine_MaterialFunctions02/Texturing/ScreenAlignedUVs.uasset" 385
"../../../Engine/Content/EngineResources/WhiteSquareTexture.uasset" 386
"../../../Engine/Content/EngineMaterials/Widget3DPassThrough.uasset" 387
"../../../Engine/Content/EngineMaterials/Widget3DPassThrough_Translucent.uasset" 388
"../../../Engine/Content/EngineMaterials/Widget3DPassThrough_Translucent_OneSided.uasset" 389
"../../../Engine/Content/EngineMaterials/Widget3DPassThrough_Opaque.uasset" 390
"../../../Engine/Content/EngineMaterials/Widget3DPassThrough_Opaque_OneSided.uasset" 391
"../../../Engine/Content/EngineMaterials/Widget3DPassThrough_Masked.uasset" 392
"../../../Engine/Content/EngineMaterials/Widget3DPassThrough_Masked_OneSided.uasset" 393
"../../../Engine/Content/EngineDamageTypes/DmgTypeBP_Environmental.uasset" 394
"../../../Engine/Content/EngineMeshes/Sphere.uasset" 395
"../../../Engine/Content/EngineFonts/RobotoDistanceField.uasset" 396
"../../../Engine/Content/EngineMaterials/DefaultTextMaterialOpaque.uasset" 397
"../../../Engine/Content/EditorResources/S_Trigger.uasset" 398
"../../../Engine/Content/EngineResources/GradientTexture0.uasset" 399
"../../../Engine/Content/EditorMaterials/MatineeGroups/MAT_Groups_Float.uasset" 400
"../../../Engine/Content/EditorMaterials/MatineeGroups/MAT_Groups_Director.uasset" 401
"../../../Engine/Content/EditorMaterials/MatineeGroups/MAT_Groups_Event.uasset" 402
"../../../Engine/Content/EditorMaterials/MatineeGroups/MAT_Groups_Anim.uasset" 403
"../../../Engine/Content/EditorMaterials/MatineeGroups/MAT_Groups_Fade.uasset" 404
"../../../Engine/Content/EditorMaterials/MatineeGroups/MAT_Groups_Move.uasset" 405
"../../../Engine/Content/EditorMaterials/MatineeGroups/MAT_Groups_Slomo.uasset" 406
"../../../Engine/Content/EditorMaterials/MatineeGroups/MAT_ColorTrack.uasset" 407
"../../../Engine/Content/EditorMaterials/MAT_Groups_Toggle.uasset" 408
"../../../Engine/Content/EditorMaterials/MatineeGroups/MAT_Groups_AudioMaster.uasset" 409
"../../../Engine/Content/EditorMaterials/MatineeGroups/MAT_Groups_Sound.uasset" 410
"../../../Engine/Content/EditorMaterials/MatineeGroups/MAT_Groups_Vector.uasset" 411
"../../../Engine/Content/EditorMaterials/MAT_Groups_Visibility.uasset" 412
"../../../Engine/Content/EngineResources/DefaultTextureCube.uasset" 413
"../../../Engine/Content/EngineMeshes/Cylinder.uasset" 414
"../../../Engine/Content/EngineTireTypes/DefaultTireType.uasset" 415
"../../../Engine/Content/EngineResources/AICON-Red.uasset" 416
"../../../Engine/Content/EngineResources/AICON-Green.uasset" 417
"../../../Engine/Content/Tutorial/Basics/TutorialAssets/icon_tab_Levels_40x.uasset" 418
"../../../Engine/Content/Tutorial/Basics/LevelEditorOverview.uasset" 419
"../../../Engine/Content/Tutorial/Basics/LevelEditorAttract.uasset" 420
"../../../Engine/Content/Tutorial/Foliage/TutorialAssets/Foliage.uasset" 421
"../../../Engine/Content/Tutorial/Foliage/Foliage_Settings_Tutorial.uasset" 422
"../../../Engine/Content/Tutorial/Foliage/Foliage_Using_The_Tool_Tutorial.uasset" 423
"../../../Engine/Content/Tutorial/Foliage/Foliage_Intro_Tutorial.uasset" 424
"../../../Engine/Content/Tutorial/Basics/ContentBrowserOverview.uasset" 425
"../../../Engine/Content/Tutorial/BlueprintTutorials/TutorialAssets/Blueprint_64x.uasset" 426
"../../../Engine/Content/Tutorial/BlueprintTutorials/BlueprintEditorTutorial.uasset" 427
"../../../Engine/Content/Tutorial/Landscape/TutorialAssets/Landscape.uasset" 428
"../../../Engine/Content/Tutorial/Landscape/Landscape_Painting_Mode.uasset" 429
"../../../Engine/Content/Tutorial/Landscape/Landscape_Sculpt_Mode.uasset" 430
"../../../Engine/Content/Tutorial/Landscape/Landscape_Manage_Mode.uasset" 431
"../../../Engine/Content/Tutorial/ContentIntroCurve.uasset" 432
"../../../Engine/Plugins/2D/Paper2D/Content/PlaceholderTextures/DummySpriteTexture.uasset" 433
"../../../Engine/Plugins/2D/Paper2D/Content/DefaultSpriteMaterial.uasset" 434
"../../../Engine/Plugins/2D/Paper2D/Content/MaskedUnlitSpriteMaterial.uasset" 435
"../../../Engine/Plugins/2D/Paper2D/Content/OpaqueUnlitSpriteMaterial.uasset" 436
"../../../Engine/Plugins/2D/Paper2D/Content/DummySpriteTexture.uasset" 437
"../../../Engine/Plugins/2D/Paper2D/Content/DummySprite.uasset" 438
"../../../Engine/Plugins/2D/Paper2D/Content/DefaultPaperTerrainMaterial.uasset" 439
"../../../Engine/Plugins/Runtime/LeapMotionController/Content/LM_CapsuleMesh.uasset" 440
"../../../Engine/Plugins/Runtime/LeapMotionController/Content/LM_TorusMesh.uasset" 441
"../../../Engine/Plugins/Runtime/LeapMotionController/Content/LM_HandColor.uasset" 442
"../../../Engine/Plugins/Runtime/LeapMotionController/Content/LM_SampleDistortion.uasset" 443
"../../../Engine/Plugins/Runtime/LeapMotionController/Content/LM_TestTexture.uasset" 444
"../../../Engine/Plugins/Runtime/LeapMotionController/Content/LM_PassthroughMaterial.uasset" 445
"../../../Engine/Content/EngineMaterials/RemoveSurfaceMaterial.uasset" 446
"../../../Engine/Content/EngineDebugMaterials/DebugMeshMaterial.uasset" 447
"../../../Engine/Content/EngineMaterials/InvalidLightmapSettings.uasset" 448
"../../../Engine/Content/EngineMaterials/M_InvalidLightmapSettings.uasset" 449
"../../../Engine/Content/EditorMaterials/GizmoMaterial.uasset" 450
"../../../Engine/Content/EngineMaterials/Good64x64TilingNoiseHighFreq.uasset" 451
"../../../Engine/Content/EngineMaterials/DefaultBokeh.uasset" 452
"../../../Engine/Content/EngineMaterials/PreintegratedSkinBRDF.uasset" 453
"../../../Engine/Content/EngineMaterials/MiniFont.uasset" 454
"../../../Engine/Content/EngineMaterials/WeightMapPlaceholderTexture.uasset" 455
"../../../Engine/Content/EngineMaterials/DefaultWhiteGrid.uasset" 456
"../../../Engine/Content/EngineMaterials/DefaultPhysicalMaterial.uasset" 457
"../../../Engine/Content/EngineFonts/RobotoTiny.uasset" 458
"../../../Engine/Content/EditorResources/LightIcons/S_LightError.uasset" 459
"../../../TPSHacknSlash/Content/Materials/DebugMaterials/clean-fire-hi.uasset" 460
"../../../Engine/Content/EditorResources/EmptyActor.uasset" 461
"../../../Engine/Content/MobileResources/HUD/MobileHUDButton3.uasset" 462
"../../../Engine/Content/MobileResources/HUD/MobileHUDButton1_on.uasset" 463
"../../../TPSHacknSlash/Content/Textures/Wood_SBSAR/wood3_metallic.uasset" 464
"../../../TPSHacknSlash/Content/Textures/HealthPickup.uasset" 465
"../../../Engine/Content/MobileResources/HUD/MobileHUDDirectionPad3.uasset" 466
"../../../Engine/Content/MobileResources/HUD/MobileHUDButton1_off.uasset" 467
"../../../TPSHacknSlash/Content/Sounds/InGame.uasset" 468
"../../../TPSHacknSlash/Content/Materials/DebugMaterials/Doge_Mat.uasset" 469
"../../../TPSHacknSlash/Content/Materials/DebugMaterials/GreenMaterial.uasset" 470
"../../../TPSHacknSlash/Content/Meshes/Ship/base_body.uasset" 471
"../../../TPSHacknSlash/Content/Meshes/Ship/SHIP_Texture/siderail.uasset" 472
"../../../TPSHacknSlash/Content/Meshes/Ship/side_rail.uasset" 473
"../../../TPSHacknSlash/Content/Meshes/Ship/wood.uasset" 474
"../../../Engine/Content/MobileResources/HUD/MobileHUDDirectionStick.uasset" 475
"../../../TPSHacknSlash/Content/Materials/DebugMaterials/RedMaterial.uasset" 476
"../../../TPSHacknSlash/Content/Textures/Props_Textures/T_Gun1_BC.uasset" 477
"../../../TPSHacknSlash/Content/Textures/Props_Textures/T_Gun1_N.uasset" 478
"../../../TPSHacknSlash/Content/Textures/Props_Textures/T_Gun1_R.uasset" 479
"../../../TPSHacknSlash/Content/Materials/MIC_Gun.uasset" 480
"../../../TPSHacknSlash/Content/Meshes/SM_Gun.uasset" 481
"../../../TPSHacknSlash/Content/Meshes/SM_Navy.uasset" 482
"../../../Engine/Content/EditorResources/S_KPrismatic.uasset" 483
"../../../Engine/Content/EditorResources/S_KHinge.uasset" 484
"../../../Engine/Content/EditorResources/AudioIcons/S_AudioComponent_AutoActivate.uasset" 485
"../../../Engine/Content/MobileResources/HUD/MobileHUDDirectionPad.uasset" 486
"../../../TPSHacknSlash/Content/Meshes/Ship/SHIP_Texture/sailidpirates.uasset" 487
"../../../TPSHacknSlash/Content/Textures/PropSet2/T_BigLamp_R.uasset" 488
"../../../TPSHacknSlash/Content/Meshes/Ship/materials/inner_body_instance.uasset" 489
"../../../TPSHacknSlash/Content/Meshes/Ship/materials/bottom_instance.uasset" 490
"../../../TPSHacknSlash/Content/Materials/DebugMaterials/ChestMaterial.uasset" 491
"../../../TPSHacknSlash/Content/Materials/DebugMaterials/BlueMaterial.uasset" 492
"../../../TPSHacknSlash/Content/Textures/PropSet2/T_BigLamp_BC.uasset" 493
"../../../TPSHacknSlash/Content/Meshes/Ship/SHIP_Texture/sailidnavy.uasset" 494
"../../../TPSHacknSlash/Content/Textures/PropSet2/T_Window_N.uasset" 495
"../../../Engine/Content/MobileResources/HUD/MobileHUDButtonFire.uasset" 496
"../../../TPSHacknSlash/Content/UI/score_board.uasset" 497
"../../../TPSHacknSlash/Content/UI/UI_Lobby.uasset" 498
"../../../Engine/Content/MobileResources/T_MobileMenu2.uasset" 499
"../../../TPSHacknSlash/Content/Textures/PropSet2/T_Window_BC.uasset" 500
"../../../Engine/Content/MobileResources/HUD/MobileHUDButton2_off.uasset" 501
"../../../TPSHacknSlash/Content/Textures/PropSet2/T_Window_R.uasset" 502
"../../../TPSHacknSlash/Content/Meshes/Ship/SHIP_Texture/upper_bodyroughness.uasset" 503
"../../../Engine/Content/MobileResources/HUD/MobileHUDButton2_on.uasset" 504
"../../../Engine/Content/MobileResources/HUD/AnalogHat.uasset" 505
"../../../TPSHacknSlash/Content/Textures/PropSet2/T_BigLamp_N.uasset" 506
"../../../Engine/Content/MobileResources/HUD/VirtualJoystick_Background.uasset" 507
"../../../Engine/Content/MobileResources/HUD/VirtualJoystick_Thumb.uasset" 508
"../../../Engine/Content/MobileResources/HUD/LeftVirtualJoystickOnly.uasset" 509
"../../../Engine/Content/MobileResources/HUD/DefaultVirtualJoysticks.uasset" 510
"../../../Engine/Content/MobileResources/T_MobileControls_texture.uasset" 511
"../../../TPSHacknSlash/Content/Textures/PropSet2/T_Torch_R.uasset" 512
"../../../Engine/Content/EditorMaterials/PhAT_JointLimitMaterial.uasset" 513
"../../../Engine/Content/EditorMaterials/PreviewShadowIndicator.uasset" 514
"../../../Engine/Content/EditorMaterials/PreviewShadowIndicatorMaterial.uasset" 515
"../../../Engine/Content/EditorMeshes/ColorCalibrator/M_ChromeBall.uasset" 516
"../../../Engine/Content/EditorMeshes/ColorCalibrator/M_ClearCoat.uasset" 517
"../../../Engine/Content/EditorMeshes/ColorCalibrator/M_ClearCoatBlack.uasset" 518
"../../../Engine/Content/EditorMeshes/ColorCalibrator/T_ColorGrid.uasset" 519
"../../../Engine/Content/EditorMeshes/ColorCalibrator/M_ColorGrid.uasset" 520
"../../../Engine/Content/EditorMeshes/ColorCalibrator/M_GreyBall.uasset" 521
"../../../Engine/Content/EditorMeshes/ColorCalibrator/SM_ColorCalibrator.uasset" 522
"../../../Engine/Content/EditorResources/BSPVertex.uasset" 523
"../../../Engine/Content/EngineDebugMaterials/HeatmapGradient.uasset" 524
"../../../Engine/Content/EngineDebugMaterials/BoneWeightMaterial.uasset" 525
"../../../Engine/Content/EngineDebugMaterials/GeomMaterial.uasset" 526
"../../../Engine/Content/EngineMaterials/EditorBrushMaterial.uasset" 527
"../../../Engine/Content/MobileResources/HUD/MobileHUDDirectionPad2.uasset" 528
"../../../Engine/Content/MobileResources/HUD/T_Castle_ThumbstickInner.uasset" 529
"../../../Engine/Content/MobileResources/HUD/T_Castle_ThumbstickOutter.uasset" 530
"../../../Engine/Content/Tutorial/BlueprintTutorials/TutorialAssets/BlueprintInterface_64x.uasset" 531
"../../../Engine/Content/Tutorial/BlueprintTutorials/TutorialAssets/Tutorial_BP_Interface.uasset" 532
"../../../Engine/Content/Tutorial/BlueprintTutorials/BlueprintInterfacesEditorOverview.uasset" 533
"../../../Engine/Content/Tutorial/BlueprintTutorials/TutorialAssets/BlueprintMacroLibrary_64x.uasset" 534
"../../../Engine/Content/Tutorial/BlueprintTutorials/TutorialAssets/Tutorial_BP_MacroLib.uasset" 535
"../../../Engine/Content/Tutorial/BlueprintTutorials/BlueprintMacroLibrariesEditorOverview.uasset" 536
"../../../Engine/Content/Tutorial/BlueprintTutorials/LevelBlueprintEditorOverview.uasset" 537
"../../../Engine/Content/Tutorial/Paper2D/TutorialAssets/Paper2DFlipbook_TutorialIcon.uasset" 538
"../../../Engine/Content/Tutorial/Paper2D/FlipbookEditorTutorial.uasset" 539
"../../../Engine/Content/Tutorial/Paper2D/TutorialAssets/Paper2DSprite_TutorialIcon.uasset" 540
"../../../Engine/Content/Tutorial/Paper2D/SpriteEditorTutorial.uasset" 541
"../../../Engine/Content/EditorMeshes/EditorCube.uasset" 542
"../../../Engine/Content/Tutorial/SubEditors/TutorialAssets/Tutorial_DM.uasset" 543
"../../../Engine/Content/Tutorial/SubEditors/DestructibleMeshEditorTutorial.uasset" 544
"../../../Engine/Content/Tutorial/SubEditors/TutorialAssets/TutorialMaterial.uasset" 545
"../../../Engine/Content/Tutorial/SubEditors/MaterialEditorTutorial.uasset" 546
"../../../Engine/Content/Tutorial/SubEditors/TutorialAssets/T_SmokeSubUV_8X8.uasset" 547
"../../../Engine/Content/Tutorial/SubEditors/TutorialAssets/T_soft_smoke.uasset" 548
"../../../Engine/Content/Tutorial/SubEditors/TutorialAssets/M_smoke_subUV_blackbody.uasset" 549
"../../../Engine/Content/Tutorial/SubEditors/TutorialAssets/TutorialParticleSystem.uasset" 550
"../../../Engine/Content/Tutorial/SubEditors/ParticleSystemEditorTutorial.uasset" 551
"../../../Engine/Content/Tutorial/SubEditors/TutorialAssets/icon_ShowSkeletalMeshes_40x.uasset" 552
"../../../Engine/Content/Tutorial/SubEditors/TutorialAssets/Character/TutorialTPP_Mat.uasset" 553
"../../../Engine/Content/Tutorial/SubEditors/TutorialAssets/Character/TutorialTPP_PhysicsAsset.uasset" 554
"../../../Engine/Content/Tutorial/SubEditors/TutorialAssets/Character/TutorialTPP.uasset" 555
"../../../Engine/Content/Tutorial/SubEditors/TutorialAssets/Character/TutorialTPP_Skeleton.uasset" 556
"../../../Engine/Content/Tutorial/SubEditors/TutorialAssets/Character/Tutorial_Idle.uasset" 557
"../../../Engine/Content/Tutorial/SubEditors/TutorialAssets/Character/Tutorial_Walk_Fwd.uasset" 558
"../../../Engine/Content/Tutorial/SubEditors/TutorialAssets/Character/NewBlendSpace1D.uasset" 559
"../../../Engine/Content/Tutorial/SubEditors/TutorialAssets/Character/TutorialCharacter.uasset" 560
"../../../Engine/Content/Tutorial/SubEditors/TutorialAssets/Character/TutorialTPP_AnimBlueprint.uasset" 561
"../../../Engine/Content/Tutorial/SubEditors/PersonaAnimBlueprintEditorWalkthrough.uasset" 562
"../../../Engine/Content/Tutorial/SubEditors/PersonaAnimEditorWalkthrough.uasset" 563
"../../../Engine/Content/EngineMeshes/Cube.uasset" 564
"../../../Engine/Content/Tutorial/SubEditors/StaticMeshEditorTutorial.uasset" 565
"../../../Engine/Content/Tutorial/SubEditors/TutorialAssets/icon_Editor_Preferences_General_40x.uasset" 566
"../../../TPSHacknSlash/Content/Animations/anim_idleAction_01.uasset" 567
"../../../TPSHacknSlash/Content/Animations/anim_Kick.uasset" 568
"../../../TPSHacknSlash/Content/Animations/anim_SlashStart_Composite.uasset" 569
"../../../TPSHacknSlash/Content/Blueprints/BridgeSystem/BridgeTree.uasset" 570
"../../../TPSHacknSlash/Content/Blueprints/Core/GS_Lobby.uasset" 571
"../../../TPSHacknSlash/Content/Blueprints/Core/GS_Test.uasset" 572
"../../../TPSHacknSlash/Content/Sounds/Menu1.uasset" 573
"../../../TPSHacknSlash/Content/Blueprints/MainMenu/MainMenuCamera.uasset" 574
"../../../TPSHacknSlash/Content/Blueprints/Pickup/PickupLocStruct.uasset" 575
"../../../TPSHacknSlash/Content/Blueprints/Pickup/PickupLocData.uasset" 576
"../../../TPSHacknSlash/Content/Materials/DebugMaterials/Invis.uasset" 577
"../../../TPSHacknSlash/Content/Materials/DebugMaterials/YellowMaterial.uasset" 578
"../../../TPSHacknSlash/Content/Meshes/ShipTest.uasset" 579
"../../../TPSHacknSlash/Content/Meshes/SM_axe2.uasset" 580
"../../../TPSHacknSlash/Content/Meshes/SM_ShipPlatform.uasset" 581
"../../../TPSHacknSlash/Content/Meshes/Sword.uasset" 582
"../../../TPSHacknSlash/Content/Meshes/PropSet2/SM_Window.uasset" 583
"../../../TPSHacknSlash/Content/Splash/EdSplash.uasset" 584
